<?xml version="1.0" encoding="UTF-8"?>
<testsuites name="Regression Test Suite" time="64.481" tests="2" failures="0" errors="0">
   <testsuite name="Regression Test Suite" tests="2" failures="0" errors="0" time="64.481" skipped="0" timestamp="2022-11-11 11:19:12" hostname="rekha.veerabathran - HTCLT624.HTCINC.LOCAL" id="Test Suites/Regression Test Suite">
      <properties>
         <property name="deviceName" value=""/>
         <property name="devicePlatform" value=""/>
         <property name="logFolder" value="C:\\Users\\rekha.veerabathran\\Katalon Studio\\KatalonDemoGIT.git\\Reports\\20221111_111859\\Regression Test Suite\\20221111_111859"/>
         <property name="logFiles" value="C:\\Users\\rekha.veerabathran\\Katalon Studio\\KatalonDemoGIT.git\\Reports\\20221111_111859\\Regression Test Suite\\20221111_111859\\execution0.log"/>
         <property name="attachments" value="C:\\Users\\rekha.veerabathran\\Katalon Studio\\KatalonDemoGIT.git\\Reports\\20221111_111859\\Regression Test Suite\\20221111_111859\\1668145771736.png"/>
         <property name="hostName" value="rekha.veerabathran - HTCLT624.HTCINC.LOCAL"/>
         <property name="os" value="Windows 10 64bit"/>
         <property name="katalonVersion" value="8.5.2.208"/>
         <property name="browser" value="Chrome 107.0.0.0"/>
         <property name="hostAddress" value="192.168.1.2"/>
         <property name="sessionId" value="368bf3e793ad9e3f358b76f79fb4b262"/>
         <property name="seleniumVersion" value="3.141.59"/>
         <property name="proxyInformation" value="ProxyInformation { proxyOption=NO_PROXY, proxyServerType=HTTP, username=, password=********, proxyServerAddress=, proxyServerPort=0, executionList=&quot;&quot;, isApplyToDesiredCapabilities=true }"/>
         <property name="platform" value="Windows 10"/>
      </properties>
      <testcase name="Test Cases/Demo Test Cases/ManualDemo" time="16.209" classname="Test Cases/Demo Test Cases/ManualDemo" status="PASSED">
         <system-out><![CDATA[2022-11-11 11:19:32 - [TEST_CASE][PASSED] - Test Cases/Demo Test Cases/ManualDemo: Test Cases/Demo Test Cases/ManualDemo

2022-11-11 11:19:32 - [TEST_STEP][PASSED] - openBrowser(""): Browser is opened with url: ''

2022-11-11 11:19:32 - [MESSAGE][WARNING] - A browser is already opened. Closing browser and opening a new one

2022-11-11 11:19:33 - [MESSAGE][INFO] - Starting 'Chrome' driver

2022-11-11 11:19:33 - [MESSAGE][INFO] - Action delay is set to 0 milliseconds

2022-11-11 11:19:35 - [MESSAGE][PASSED] - Browser is opened with url: ''

2022-11-11 11:19:35 - [TEST_STEP][PASSED] - navigateToUrl("https://opensource-demo.orangehrmlive.com/web/index.php/auth/login"): Navigate to 'https://opensource-demo.orangehrmlive.com/web/index.php/auth/login' successfully

2022-11-11 11:19:42 - [MESSAGE][PASSED] - Navigate to 'https://opensource-demo.orangehrmlive.com/web/index.php/auth/login' successfully

2022-11-11 11:19:42 - [TEST_STEP][PASSED] - setText(findTestObject("Page_OrangeHRM/input_Username_username"), "Admin"): Text 'Admin' is set on object 'Object Repository/Page_OrangeHRM/input_Username_username'

2022-11-11 11:19:44 - [MESSAGE][PASSED] - Text 'Admin' is set on object 'Object Repository/Page_OrangeHRM/input_Username_username'

2022-11-11 11:19:44 - [TEST_STEP][PASSED] - setEncryptedText(findTestObject("Page_OrangeHRM/input_Password_password"), "hUKwJTbofgPU9eVlw/CnDQ=="): Text ****** has been set on object 'Object Repository/Page_OrangeHRM/input_Password_password'

2022-11-11 11:19:44 - [MESSAGE][PASSED] - Text ****** has been set on object 'Object Repository/Page_OrangeHRM/input_Password_password'

2022-11-11 11:19:44 - [TEST_STEP][PASSED] - click(findTestObject("Page_OrangeHRM/button_Login")): Object: 'Object Repository/Page_OrangeHRM/button_Login' is clicked on

2022-11-11 11:19:45 - [MESSAGE][PASSED] - Object: 'Object Repository/Page_OrangeHRM/button_Login' is clicked on

2022-11-11 11:19:45 - [TEST_STEP][PASSED] - verifyTextPresent("Dashboard", false): Text 'Dashboard' is present on page 

2022-11-11 11:19:46 - [MESSAGE][PASSED] - Text 'Dashboard' is present on page 

2022-11-11 11:19:46 - [TEST_STEP][PASSED] - closeBrowser(): Browser is closed

2022-11-11 11:19:48 - [MESSAGE][PASSED] - Browser is closed]]></system-out>
         <system-err><![CDATA[]]></system-err>
      </testcase>
      <testcase name="Test Cases/Demo Test Cases/ScriptDemo" time="29.104" classname="Test Cases/Demo Test Cases/ScriptDemo" status="PASSED">
         <system-out><![CDATA[2022-11-11 11:19:48 - [TEST_CASE][PASSED] - Test Cases/Demo Test Cases/ScriptDemo: Test Cases/Demo Test Cases/ScriptDemo

2022-11-11 11:19:48 - [TEST_STEP][PASSED] - openBrowser(""): Browser is opened with url: ''

2022-11-11 11:19:48 - [MESSAGE][INFO] - Starting 'Chrome' driver

2022-11-11 11:19:48 - [MESSAGE][INFO] - Action delay is set to 0 milliseconds

2022-11-11 11:19:50 - [MESSAGE][PASSED] - Browser is opened with url: ''

2022-11-11 11:19:50 - [TEST_STEP][PASSED] - navigateToUrl("https://opensource-demo.orangehrmlive.com/web/index.php/auth/login"): Navigate to 'https://opensource-demo.orangehrmlive.com/web/index.php/auth/login' successfully

2022-11-11 11:20:06 - [MESSAGE][PASSED] - Navigate to 'https://opensource-demo.orangehrmlive.com/web/index.php/auth/login' successfully

2022-11-11 11:20:06 - [TEST_STEP][PASSED] - setText(findTestObject("Page_OrangeHRM/input_Username_username"), "Admin"): Text 'Admin' is set on object 'Object Repository/Page_OrangeHRM/input_Username_username'

2022-11-11 11:20:08 - [MESSAGE][PASSED] - Text 'Admin' is set on object 'Object Repository/Page_OrangeHRM/input_Username_username'

2022-11-11 11:20:08 - [TEST_STEP][PASSED] - setText(findTestObject("Page_OrangeHRM/input_Password_password"), "admin123"): Text 'admin123' is set on object 'Object Repository/Page_OrangeHRM/input_Password_password'

2022-11-11 11:20:09 - [MESSAGE][PASSED] - Text 'admin123' is set on object 'Object Repository/Page_OrangeHRM/input_Password_password'

2022-11-11 11:20:09 - [TEST_STEP][PASSED] - verifyTextPresent("Login", false): Text 'Login' is present on page 

2022-11-11 11:20:09 - [MESSAGE][PASSED] - Text 'Login' is present on page 

2022-11-11 11:20:09 - [TEST_STEP][PASSED] - click(findTestObject("Page_OrangeHRM/button_Login")): Object: 'Object Repository/Page_OrangeHRM/button_Login' is clicked on

2022-11-11 11:20:10 - [MESSAGE][PASSED] - Object: 'Object Repository/Page_OrangeHRM/button_Login' is clicked on

2022-11-11 11:20:10 - [TEST_STEP][PASSED] - delay(5): Delayed 5 second(s)

2022-11-11 11:20:15 - [MESSAGE][PASSED] - Delayed 5 second(s)

2022-11-11 11:20:15 - [TEST_STEP][PASSED] - verifyTextPresent("Dashboard", false): Text 'Dashboard' is present on page 

2022-11-11 11:20:15 - [MESSAGE][PASSED] - Text 'Dashboard' is present on page 

2022-11-11 11:20:15 - [TEST_STEP][PASSED] - closeBrowser(): Browser is closed

2022-11-11 11:20:17 - [MESSAGE][PASSED] - Browser is closed]]></system-out>
         <system-err><![CDATA[]]></system-err>
      </testcase>
      <system-out><![CDATA[2022-11-11 11:19:12 - [TEST_SUITE][FAILED] - Regression Test Suite: Test Cases/Demo Test Cases/ManualDemo FAILED.
Reason:
com.kms.katalon.core.exception.StepFailedException: Unable to verify text 'Dashboard' is present 
	at com.kms.katalon.core.webui.keyword.internal.WebUIKeywordMain.stepFailed(WebUIKeywordMain.groovy:64)
	at com.kms.katalon.core.webui.keyword.internal.WebUIKeywordMain.runKeyword(WebUIKeywordMain.groovy:26)
	at com.kms.katalon.core.webui.keyword.builtin.VerifyTextPresentKeyword.verifyTextPresent(VerifyTextPresentKeyword.groovy:83)
	at com.kms.katalon.core.webui.keyword.builtin.VerifyTextPresentKeyword.execute(VerifyTextPresentKeyword.groovy:68)
	at com.kms.katalon.core.keyword.internal.KeywordExecutor.executeKeywordForPlatform(KeywordExecutor.groovy:74)
	at com.kms.katalon.core.webui.keyword.WebUiBuiltInKeywords.verifyTextPresent(WebUiBuiltInKeywords.groovy:1723)
	at com.kms.katalon.core.webui.keyword.WebUiBuiltInKeywords$verifyTextPresent$4.call(Unknown Source)
	at ManualDemo.run(ManualDemo:30)
	at com.kms.katalon.core.main.ScriptEngine.run(ScriptEngine.java:194)
	at com.kms.katalon.core.main.ScriptEngine.runScriptAsRawText(ScriptEngine.java:119)
	at com.kms.katalon.core.main.TestCaseExecutor.runScript(TestCaseExecutor.java:448)
	at com.kms.katalon.core.main.TestCaseExecutor.doExecute(TestCaseExecutor.java:439)
	at com.kms.katalon.core.main.TestCaseExecutor.processExecutionPhase(TestCaseExecutor.java:418)
	at com.kms.katalon.core.main.TestCaseExecutor.accessMainPhase(TestCaseExecutor.java:410)
	at com.kms.katalon.core.main.TestCaseExecutor.execute(TestCaseExecutor.java:285)
	at com.kms.katalon.core.common.CommonExecutor.accessTestCaseMainPhase(CommonExecutor.java:65)
	at com.kms.katalon.core.main.TestSuiteExecutor.accessTestSuiteMainPhase(TestSuiteExecutor.java:151)
	at com.kms.katalon.core.main.TestSuiteExecutor.execute(TestSuiteExecutor.java:106)
	at com.kms.katalon.core.main.TestCaseMain.startTestSuite(TestCaseMain.java:185)
	at com.kms.katalon.core.main.TestCaseMain$startTestSuite$0.call(Unknown Source)
	at TempTestSuite1668145739043.run(TempTestSuite1668145739043.groovy:36)
Caused by: com.kms.katalon.core.exception.StepFailedException: Text 'Dashboard' is not present on page 
	at com.kms.katalon.core.webui.keyword.internal.WebUIKeywordMain.stepFailed(WebUIKeywordMain.groovy:64)
	at com.kms.katalon.core.webui.keyword.builtin.VerifyTextPresentKeyword$_verifyTextPresent_closure1.doCall(VerifyTextPresentKeyword.groovy:79)
	at com.kms.katalon.core.webui.keyword.builtin.VerifyTextPresentKeyword$_verifyTextPresent_closure1.call(VerifyTextPresentKeyword.groovy)
	at com.kms.katalon.core.webui.keyword.internal.WebUIKeywordMain.runKeyword(WebUIKeywordMain.groovy:20)
	... 19 more]]></system-out>
      <system-err><![CDATA[2022-11-11 11:19:12 - [TEST_SUITE][FAILED] - Regression Test Suite: Test Cases/Demo Test Cases/ManualDemo FAILED.
Reason:
com.kms.katalon.core.exception.StepFailedException: Unable to verify text 'Dashboard' is present 
	at com.kms.katalon.core.webui.keyword.internal.WebUIKeywordMain.stepFailed(WebUIKeywordMain.groovy:64)
	at com.kms.katalon.core.webui.keyword.internal.WebUIKeywordMain.runKeyword(WebUIKeywordMain.groovy:26)
	at com.kms.katalon.core.webui.keyword.builtin.VerifyTextPresentKeyword.verifyTextPresent(VerifyTextPresentKeyword.groovy:83)
	at com.kms.katalon.core.webui.keyword.builtin.VerifyTextPresentKeyword.execute(VerifyTextPresentKeyword.groovy:68)
	at com.kms.katalon.core.keyword.internal.KeywordExecutor.executeKeywordForPlatform(KeywordExecutor.groovy:74)
	at com.kms.katalon.core.webui.keyword.WebUiBuiltInKeywords.verifyTextPresent(WebUiBuiltInKeywords.groovy:1723)
	at com.kms.katalon.core.webui.keyword.WebUiBuiltInKeywords$verifyTextPresent$4.call(Unknown Source)
	at ManualDemo.run(ManualDemo:30)
	at com.kms.katalon.core.main.ScriptEngine.run(ScriptEngine.java:194)
	at com.kms.katalon.core.main.ScriptEngine.runScriptAsRawText(ScriptEngine.java:119)
	at com.kms.katalon.core.main.TestCaseExecutor.runScript(TestCaseExecutor.java:448)
	at com.kms.katalon.core.main.TestCaseExecutor.doExecute(TestCaseExecutor.java:439)
	at com.kms.katalon.core.main.TestCaseExecutor.processExecutionPhase(TestCaseExecutor.java:418)
	at com.kms.katalon.core.main.TestCaseExecutor.accessMainPhase(TestCaseExecutor.java:410)
	at com.kms.katalon.core.main.TestCaseExecutor.execute(TestCaseExecutor.java:285)
	at com.kms.katalon.core.common.CommonExecutor.accessTestCaseMainPhase(CommonExecutor.java:65)
	at com.kms.katalon.core.main.TestSuiteExecutor.accessTestSuiteMainPhase(TestSuiteExecutor.java:151)
	at com.kms.katalon.core.main.TestSuiteExecutor.execute(TestSuiteExecutor.java:106)
	at com.kms.katalon.core.main.TestCaseMain.startTestSuite(TestCaseMain.java:185)
	at com.kms.katalon.core.main.TestCaseMain$startTestSuite$0.call(Unknown Source)
	at TempTestSuite1668145739043.run(TempTestSuite1668145739043.groovy:36)
Caused by: com.kms.katalon.core.exception.StepFailedException: Text 'Dashboard' is not present on page 
	at com.kms.katalon.core.webui.keyword.internal.WebUIKeywordMain.stepFailed(WebUIKeywordMain.groovy:64)
	at com.kms.katalon.core.webui.keyword.builtin.VerifyTextPresentKeyword$_verifyTextPresent_closure1.doCall(VerifyTextPresentKeyword.groovy:79)
	at com.kms.katalon.core.webui.keyword.builtin.VerifyTextPresentKeyword$_verifyTextPresent_closure1.call(VerifyTextPresentKeyword.groovy)
	at com.kms.katalon.core.webui.keyword.internal.WebUIKeywordMain.runKeyword(WebUIKeywordMain.groovy:20)
	... 19 more]]></system-err>
   </testsuite>
</testsuites>
